2021/10/07 15:29:23 [emerg] 1#1: unexpected end of file, expecting "}" in /etc/nginx/conf.d/default.conf:38
2021/10/07 15:36:11 [notice] 1#1: using the "epoll" event method
2021/10/07 15:36:11 [notice] 1#1: nginx/1.20.1
2021/10/07 15:36:11 [notice] 1#1: built by gcc 10.2.1 20201203 (Alpine 10.2.1_pre1) 
2021/10/07 15:36:11 [notice] 1#1: OS: Linux 5.10.47-linuxkit
2021/10/07 15:36:11 [notice] 1#1: getrlimit(RLIMIT_NOFILE): 1048576:1048576
2021/10/07 15:36:11 [notice] 1#1: start worker processes
2021/10/07 15:36:11 [notice] 1#1: start worker process 32
2021/10/07 15:36:11 [notice] 1#1: start worker process 33
2021/10/07 15:36:11 [notice] 1#1: start worker process 34
2021/10/07 15:36:11 [notice] 1#1: start worker process 35
2021/10/07 17:00:30 [notice] 1#1: signal 3 (SIGQUIT) received, shutting down
2021/10/07 17:00:30 [notice] 33#33: gracefully shutting down
2021/10/07 17:00:30 [notice] 35#35: gracefully shutting down
2021/10/07 17:00:30 [notice] 35#35: exiting
2021/10/07 17:00:30 [notice] 34#34: gracefully shutting down
2021/10/07 17:00:30 [notice] 32#32: gracefully shutting down
2021/10/07 17:00:30 [notice] 33#33: exiting
2021/10/07 17:00:30 [notice] 35#35: exit
2021/10/07 17:00:30 [notice] 34#34: exiting
2021/10/07 17:00:30 [notice] 32#32: exiting
2021/10/07 17:00:30 [notice] 32#32: exit
2021/10/07 17:00:30 [notice] 33#33: exit
2021/10/07 17:00:30 [notice] 34#34: exit
2021/10/07 17:00:30 [notice] 1#1: signal 17 (SIGCHLD) received from 35
2021/10/07 17:00:30 [notice] 1#1: worker process 35 exited with code 0
2021/10/07 17:00:30 [notice] 1#1: signal 29 (SIGIO) received
2021/10/07 17:00:30 [notice] 1#1: signal 17 (SIGCHLD) received from 33
2021/10/07 17:00:30 [notice] 1#1: worker process 32 exited with code 0
2021/10/07 17:00:30 [notice] 1#1: worker process 33 exited with code 0
2021/10/07 17:00:30 [notice] 1#1: signal 29 (SIGIO) received
2021/10/07 17:00:30 [notice] 1#1: signal 17 (SIGCHLD) received from 34
2021/10/07 17:00:30 [notice] 1#1: worker process 34 exited with code 0
2021/10/07 17:00:30 [notice] 1#1: exit
2021/10/07 17:00:30 [notice] 1#1: using the "epoll" event method
2021/10/07 17:00:30 [notice] 1#1: nginx/1.20.1
2021/10/07 17:00:30 [notice] 1#1: built by gcc 10.2.1 20201203 (Alpine 10.2.1_pre1) 
2021/10/07 17:00:30 [notice] 1#1: OS: Linux 5.10.47-linuxkit
2021/10/07 17:00:30 [notice] 1#1: getrlimit(RLIMIT_NOFILE): 1048576:1048576
2021/10/07 17:00:30 [notice] 1#1: start worker processes
2021/10/07 17:00:30 [notice] 1#1: start worker process 32
2021/10/07 17:00:30 [notice] 1#1: start worker process 33
2021/10/07 17:00:30 [notice] 1#1: start worker process 34
2021/10/07 17:00:30 [notice] 1#1: start worker process 35
2021/10/07 18:08:34 [notice] 1#1: signal 3 (SIGQUIT) received, shutting down
2021/10/07 18:08:34 [notice] 32#32: gracefully shutting down
2021/10/07 18:08:34 [notice] 33#33: gracefully shutting down
2021/10/07 18:08:34 [notice] 34#34: gracefully shutting down
2021/10/07 18:08:34 [notice] 35#35: gracefully shutting down
2021/10/07 18:08:34 [notice] 32#32: exiting
2021/10/07 18:08:34 [notice] 33#33: exiting
2021/10/07 18:08:34 [notice] 33#33: exit
2021/10/07 18:08:34 [notice] 34#34: exiting
2021/10/07 18:08:34 [notice] 34#34: exit
2021/10/07 18:08:34 [notice] 35#35: exiting
2021/10/07 18:08:34 [notice] 35#35: exit
2021/10/07 18:08:34 [notice] 32#32: exit
2021/10/07 18:08:34 [notice] 1#1: signal 17 (SIGCHLD) received from 33
2021/10/07 18:08:34 [notice] 1#1: worker process 33 exited with code 0
2021/10/07 18:08:34 [notice] 1#1: signal 29 (SIGIO) received
2021/10/07 18:08:34 [notice] 1#1: signal 17 (SIGCHLD) received from 35
2021/10/07 18:08:34 [notice] 1#1: worker process 34 exited with code 0
2021/10/07 18:08:34 [notice] 1#1: worker process 35 exited with code 0
2021/10/07 18:08:34 [notice] 1#1: worker process 32 exited with code 0
2021/10/07 18:08:34 [notice] 1#1: exit
2021/10/07 18:08:35 [notice] 1#1: using the "epoll" event method
2021/10/07 18:08:35 [notice] 1#1: nginx/1.20.1
2021/10/07 18:08:35 [notice] 1#1: built by gcc 10.2.1 20201203 (Alpine 10.2.1_pre1) 
2021/10/07 18:08:35 [notice] 1#1: OS: Linux 5.10.47-linuxkit
2021/10/07 18:08:35 [notice] 1#1: getrlimit(RLIMIT_NOFILE): 1048576:1048576
2021/10/07 18:08:35 [notice] 1#1: start worker processes
2021/10/07 18:08:35 [notice] 1#1: start worker process 31
2021/10/07 18:08:35 [notice] 1#1: start worker process 32
2021/10/07 18:08:35 [notice] 1#1: start worker process 33
2021/10/07 18:08:35 [notice] 1#1: start worker process 34
2021/10/07 18:19:37 [notice] 1#1: signal 3 (SIGQUIT) received, shutting down
2021/10/07 18:19:37 [notice] 31#31: gracefully shutting down
2021/10/07 18:19:37 [notice] 34#34: gracefully shutting down
2021/10/07 18:19:37 [notice] 33#33: gracefully shutting down
2021/10/07 18:19:37 [notice] 32#32: gracefully shutting down
2021/10/07 18:19:37 [notice] 31#31: exiting
2021/10/07 18:19:37 [notice] 34#34: exiting
2021/10/07 18:19:37 [notice] 33#33: exiting
2021/10/07 18:19:37 [notice] 32#32: exiting
2021/10/07 18:19:37 [notice] 31#31: exit
2021/10/07 18:19:37 [notice] 34#34: exit
2021/10/07 18:19:37 [notice] 33#33: exit
2021/10/07 18:19:37 [notice] 32#32: exit
2021/10/07 18:19:37 [notice] 1#1: signal 17 (SIGCHLD) received from 31
2021/10/07 18:19:37 [notice] 1#1: worker process 31 exited with code 0
2021/10/07 18:19:37 [notice] 1#1: signal 29 (SIGIO) received
2021/10/07 18:19:37 [notice] 1#1: signal 17 (SIGCHLD) received from 33
2021/10/07 18:19:37 [notice] 1#1: worker process 33 exited with code 0
2021/10/07 18:19:37 [notice] 1#1: signal 29 (SIGIO) received
2021/10/07 18:19:37 [notice] 1#1: signal 17 (SIGCHLD) received from 34
2021/10/07 18:19:37 [notice] 1#1: worker process 34 exited with code 0
2021/10/07 18:19:37 [notice] 1#1: signal 29 (SIGIO) received
2021/10/07 18:19:37 [notice] 1#1: signal 17 (SIGCHLD) received from 32
2021/10/07 18:19:37 [notice] 1#1: worker process 32 exited with code 0
2021/10/07 18:19:37 [notice] 1#1: exit
2021/10/07 18:19:45 [notice] 1#1: using the "epoll" event method
2021/10/07 18:19:45 [notice] 1#1: nginx/1.20.1
2021/10/07 18:19:45 [notice] 1#1: built by gcc 10.2.1 20201203 (Alpine 10.2.1_pre1) 
2021/10/07 18:19:45 [notice] 1#1: OS: Linux 5.10.47-linuxkit
2021/10/07 18:19:45 [notice] 1#1: getrlimit(RLIMIT_NOFILE): 1048576:1048576
2021/10/07 18:19:45 [notice] 1#1: start worker processes
2021/10/07 18:19:45 [notice] 1#1: start worker process 34
2021/10/07 18:19:45 [notice] 1#1: start worker process 35
2021/10/07 18:19:45 [notice] 1#1: start worker process 36
2021/10/07 18:19:45 [notice] 1#1: start worker process 37
2021/10/08 04:18:00 [notice] 1#1: using the "epoll" event method
2021/10/08 04:18:00 [notice] 1#1: nginx/1.20.1
2021/10/08 04:18:00 [notice] 1#1: built by gcc 10.2.1 20201203 (Alpine 10.2.1_pre1) 
2021/10/08 04:18:00 [notice] 1#1: OS: Linux 5.10.47-linuxkit
2021/10/08 04:18:00 [notice] 1#1: getrlimit(RLIMIT_NOFILE): 1048576:1048576
2021/10/08 04:18:00 [notice] 1#1: start worker processes
2021/10/08 04:18:00 [notice] 1#1: start worker process 32
2021/10/08 04:18:00 [notice] 1#1: start worker process 33
2021/10/08 04:18:00 [notice] 1#1: start worker process 34
2021/10/08 04:18:00 [notice] 1#1: start worker process 35
2021/10/08 05:01:57 [notice] 1#1: using the "epoll" event method
2021/10/08 05:01:57 [notice] 1#1: nginx/1.20.1
2021/10/08 05:01:57 [notice] 1#1: built by gcc 10.2.1 20201203 (Alpine 10.2.1_pre1) 
2021/10/08 05:01:57 [notice] 1#1: OS: Linux 5.10.47-linuxkit
2021/10/08 05:01:57 [notice] 1#1: getrlimit(RLIMIT_NOFILE): 1048576:1048576
2021/10/08 05:01:57 [notice] 1#1: start worker processes
2021/10/08 05:01:57 [notice] 1#1: start worker process 30
2021/10/08 05:01:57 [notice] 1#1: start worker process 31
2021/10/08 05:01:57 [notice] 1#1: start worker process 32
2021/10/08 05:01:57 [notice] 1#1: start worker process 33
2021/10/08 05:03:51 [notice] 1#1: signal 3 (SIGQUIT) received, shutting down
2021/10/08 05:03:51 [notice] 31#31: gracefully shutting down
2021/10/08 05:03:51 [notice] 32#32: gracefully shutting down
2021/10/08 05:03:51 [notice] 30#30: gracefully shutting down
2021/10/08 05:03:51 [notice] 30#30: exiting
2021/10/08 05:03:51 [notice] 33#33: gracefully shutting down
2021/10/08 05:03:51 [notice] 31#31: exiting
2021/10/08 05:03:51 [notice] 32#32: exiting
2021/10/08 05:03:51 [notice] 30#30: exit
2021/10/08 05:03:51 [notice] 33#33: exiting
2021/10/08 05:03:51 [notice] 31#31: exit
2021/10/08 05:03:51 [notice] 32#32: exit
2021/10/08 05:03:51 [notice] 33#33: exit
2021/10/08 05:03:51 [notice] 1#1: signal 17 (SIGCHLD) received from 30
2021/10/08 05:03:51 [notice] 1#1: worker process 30 exited with code 0
2021/10/08 05:03:51 [notice] 1#1: worker process 31 exited with code 0
2021/10/08 05:03:51 [notice] 1#1: worker process 32 exited with code 0
2021/10/08 05:03:51 [notice] 1#1: signal 29 (SIGIO) received
2021/10/08 05:03:51 [notice] 1#1: signal 17 (SIGCHLD) received from 32
2021/10/08 05:03:51 [notice] 1#1: signal 17 (SIGCHLD) received from 33
2021/10/08 05:03:51 [notice] 1#1: worker process 33 exited with code 0
2021/10/08 05:03:51 [notice] 1#1: exit
2021/10/08 05:03:53 [notice] 1#1: using the "epoll" event method
2021/10/08 05:03:53 [notice] 1#1: nginx/1.20.1
2021/10/08 05:03:53 [notice] 1#1: built by gcc 10.2.1 20201203 (Alpine 10.2.1_pre1) 
2021/10/08 05:03:53 [notice] 1#1: OS: Linux 5.10.47-linuxkit
2021/10/08 05:03:53 [notice] 1#1: getrlimit(RLIMIT_NOFILE): 1048576:1048576
2021/10/08 05:03:53 [notice] 1#1: start worker processes
2021/10/08 05:03:53 [notice] 1#1: start worker process 31
2021/10/08 05:03:53 [notice] 1#1: start worker process 32
2021/10/08 05:03:53 [notice] 1#1: start worker process 33
2021/10/08 05:03:53 [notice] 1#1: start worker process 34
2021/10/08 05:04:40 [notice] 1#1: signal 3 (SIGQUIT) received, shutting down
2021/10/08 05:04:40 [notice] 33#33: gracefully shutting down
2021/10/08 05:04:40 [notice] 33#33: exiting
2021/10/08 05:04:40 [notice] 31#31: gracefully shutting down
2021/10/08 05:04:40 [notice] 31#31: exiting
2021/10/08 05:04:40 [notice] 34#34: gracefully shutting down
2021/10/08 05:04:40 [notice] 32#32: gracefully shutting down
2021/10/08 05:04:40 [notice] 33#33: exit
2021/10/08 05:04:40 [notice] 31#31: exit
2021/10/08 05:04:40 [notice] 34#34: exiting
2021/10/08 05:04:40 [notice] 32#32: exiting
2021/10/08 05:04:40 [notice] 34#34: exit
2021/10/08 05:04:40 [notice] 32#32: exit
2021/10/08 05:04:40 [notice] 1#1: signal 17 (SIGCHLD) received from 34
2021/10/08 05:04:40 [notice] 1#1: worker process 33 exited with code 0
2021/10/08 05:04:40 [notice] 1#1: worker process 34 exited with code 0
2021/10/08 05:04:40 [notice] 1#1: signal 29 (SIGIO) received
2021/10/08 05:04:40 [notice] 1#1: signal 17 (SIGCHLD) received from 31
2021/10/08 05:04:40 [notice] 1#1: worker process 31 exited with code 0
2021/10/08 05:04:40 [notice] 1#1: signal 29 (SIGIO) received
2021/10/08 05:04:40 [notice] 1#1: signal 17 (SIGCHLD) received from 32
2021/10/08 05:04:40 [notice] 1#1: worker process 32 exited with code 0
2021/10/08 05:04:40 [notice] 1#1: exit
2021/10/08 05:04:42 [notice] 1#1: using the "epoll" event method
2021/10/08 05:04:42 [notice] 1#1: nginx/1.20.1
2021/10/08 05:04:42 [notice] 1#1: built by gcc 10.2.1 20201203 (Alpine 10.2.1_pre1) 
2021/10/08 05:04:42 [notice] 1#1: OS: Linux 5.10.47-linuxkit
2021/10/08 05:04:42 [notice] 1#1: getrlimit(RLIMIT_NOFILE): 1048576:1048576
2021/10/08 05:04:42 [notice] 1#1: start worker processes
2021/10/08 05:04:42 [notice] 1#1: start worker process 31
2021/10/08 05:04:42 [notice] 1#1: start worker process 32
2021/10/08 05:04:42 [notice] 1#1: start worker process 33
2021/10/08 05:04:42 [notice] 1#1: start worker process 34
2021/10/08 05:16:00 [notice] 1#1: signal 3 (SIGQUIT) received, shutting down
2021/10/08 05:16:00 [notice] 32#32: gracefully shutting down
2021/10/08 05:16:00 [notice] 31#31: gracefully shutting down
2021/10/08 05:16:00 [notice] 34#34: gracefully shutting down
2021/10/08 05:16:00 [notice] 33#33: gracefully shutting down
2021/10/08 05:16:00 [notice] 32#32: exiting
2021/10/08 05:16:00 [notice] 31#31: exiting
2021/10/08 05:16:00 [notice] 34#34: exiting
2021/10/08 05:16:00 [notice] 32#32: exit
2021/10/08 05:16:00 [notice] 31#31: exit
2021/10/08 05:16:00 [notice] 34#34: exit
2021/10/08 05:16:00 [notice] 33#33: exiting
2021/10/08 05:16:00 [notice] 33#33: exit
2021/10/08 05:16:00 [notice] 1#1: signal 17 (SIGCHLD) received from 32
2021/10/08 05:16:00 [notice] 1#1: worker process 32 exited with code 0
2021/10/08 05:16:00 [notice] 1#1: signal 29 (SIGIO) received
2021/10/08 05:16:00 [notice] 1#1: signal 17 (SIGCHLD) received from 34
2021/10/08 05:16:00 [notice] 1#1: worker process 31 exited with code 0
2021/10/08 05:16:00 [notice] 1#1: worker process 33 exited with code 0
2021/10/08 05:16:00 [notice] 1#1: worker process 34 exited with code 0
2021/10/08 05:16:00 [notice] 1#1: exit
2021/10/08 05:16:02 [notice] 1#1: using the "epoll" event method
2021/10/08 05:16:02 [notice] 1#1: nginx/1.20.1
2021/10/08 05:16:02 [notice] 1#1: built by gcc 10.2.1 20201203 (Alpine 10.2.1_pre1) 
2021/10/08 05:16:02 [notice] 1#1: OS: Linux 5.10.47-linuxkit
2021/10/08 05:16:02 [notice] 1#1: getrlimit(RLIMIT_NOFILE): 1048576:1048576
2021/10/08 05:16:02 [notice] 1#1: start worker processes
2021/10/08 05:16:02 [notice] 1#1: start worker process 31
2021/10/08 05:16:02 [notice] 1#1: start worker process 32
2021/10/08 05:16:02 [notice] 1#1: start worker process 33
2021/10/08 05:16:02 [notice] 1#1: start worker process 34
2021/10/08 05:52:45 [notice] 1#1: signal 3 (SIGQUIT) received, shutting down
2021/10/08 05:52:45 [notice] 32#32: gracefully shutting down
2021/10/08 05:52:45 [notice] 31#31: gracefully shutting down
2021/10/08 05:52:45 [notice] 33#33: gracefully shutting down
2021/10/08 05:52:45 [notice] 34#34: gracefully shutting down
2021/10/08 05:52:45 [notice] 32#32: exiting
2021/10/08 05:52:45 [notice] 33#33: exiting
2021/10/08 05:52:45 [notice] 31#31: exiting
2021/10/08 05:52:45 [notice] 34#34: exiting
2021/10/08 05:52:45 [notice] 31#31: exit
2021/10/08 05:52:45 [notice] 34#34: exit
2021/10/08 05:52:45 [notice] 33#33: exit
2021/10/08 05:52:45 [notice] 32#32: exit
2021/10/08 05:52:45 [notice] 1#1: signal 17 (SIGCHLD) received from 33
2021/10/08 05:52:45 [notice] 1#1: worker process 33 exited with code 0
2021/10/08 05:52:45 [notice] 1#1: signal 29 (SIGIO) received
2021/10/08 05:52:45 [notice] 1#1: signal 17 (SIGCHLD) received from 32
2021/10/08 05:52:45 [notice] 1#1: worker process 32 exited with code 0
2021/10/08 05:52:45 [notice] 1#1: signal 29 (SIGIO) received
2021/10/08 05:52:45 [notice] 1#1: signal 17 (SIGCHLD) received from 31
2021/10/08 05:52:45 [notice] 1#1: worker process 31 exited with code 0
2021/10/08 05:52:45 [notice] 1#1: signal 17 (SIGCHLD) received from 34
2021/10/08 05:52:45 [notice] 1#1: worker process 34 exited with code 0
2021/10/08 05:52:45 [notice] 1#1: exit
2021/10/08 05:52:47 [notice] 1#1: using the "epoll" event method
2021/10/08 05:52:47 [notice] 1#1: nginx/1.20.1
2021/10/08 05:52:47 [notice] 1#1: built by gcc 10.2.1 20201203 (Alpine 10.2.1_pre1) 
2021/10/08 05:52:47 [notice] 1#1: OS: Linux 5.10.47-linuxkit
2021/10/08 05:52:47 [notice] 1#1: getrlimit(RLIMIT_NOFILE): 1048576:1048576
2021/10/08 05:52:47 [notice] 1#1: start worker processes
2021/10/08 05:52:47 [notice] 1#1: start worker process 31
2021/10/08 05:52:47 [notice] 1#1: start worker process 32
2021/10/08 05:52:47 [notice] 1#1: start worker process 33
2021/10/08 05:52:47 [notice] 1#1: start worker process 34
2021/10/08 05:53:01 [notice] 1#1: signal 3 (SIGQUIT) received, shutting down
2021/10/08 05:53:01 [notice] 31#31: gracefully shutting down
2021/10/08 05:53:01 [notice] 31#31: exiting
2021/10/08 05:53:01 [notice] 33#33: gracefully shutting down
2021/10/08 05:53:01 [notice] 33#33: exiting
2021/10/08 05:53:01 [notice] 32#32: gracefully shutting down
2021/10/08 05:53:01 [notice] 32#32: exiting
2021/10/08 05:53:01 [notice] 34#34: gracefully shutting down
2021/10/08 05:53:01 [notice] 34#34: exiting
2021/10/08 05:53:01 [notice] 31#31: exit
2021/10/08 05:53:01 [notice] 33#33: exit
2021/10/08 05:53:01 [notice] 32#32: exit
2021/10/08 05:53:01 [notice] 34#34: exit
2021/10/08 05:53:01 [notice] 1#1: signal 17 (SIGCHLD) received from 31
2021/10/08 05:53:01 [notice] 1#1: worker process 31 exited with code 0
2021/10/08 05:53:01 [notice] 1#1: worker process 33 exited with code 0
2021/10/08 05:53:01 [notice] 1#1: signal 29 (SIGIO) received
2021/10/08 05:53:01 [notice] 1#1: signal 17 (SIGCHLD) received from 32
2021/10/08 05:53:01 [notice] 1#1: worker process 32 exited with code 0
2021/10/08 05:53:01 [notice] 1#1: signal 29 (SIGIO) received
2021/10/08 05:53:01 [notice] 1#1: signal 17 (SIGCHLD) received from 34
2021/10/08 05:53:01 [notice] 1#1: worker process 34 exited with code 0
2021/10/08 05:53:01 [notice] 1#1: exit
2021/10/08 05:53:03 [notice] 1#1: using the "epoll" event method
2021/10/08 05:53:03 [notice] 1#1: nginx/1.20.1
2021/10/08 05:53:03 [notice] 1#1: built by gcc 10.2.1 20201203 (Alpine 10.2.1_pre1) 
2021/10/08 05:53:03 [notice] 1#1: OS: Linux 5.10.47-linuxkit
2021/10/08 05:53:03 [notice] 1#1: getrlimit(RLIMIT_NOFILE): 1048576:1048576
2021/10/08 05:53:03 [notice] 1#1: start worker processes
2021/10/08 05:53:03 [notice] 1#1: start worker process 31
2021/10/08 05:53:03 [notice] 1#1: start worker process 32
2021/10/08 05:53:03 [notice] 1#1: start worker process 33
2021/10/08 05:53:03 [notice] 1#1: start worker process 34
2021/10/08 06:16:43 [notice] 1#1: signal 3 (SIGQUIT) received, shutting down
2021/10/08 06:16:43 [notice] 31#31: gracefully shutting down
2021/10/08 06:16:43 [notice] 33#33: gracefully shutting down
2021/10/08 06:16:43 [notice] 32#32: gracefully shutting down
2021/10/08 06:16:43 [notice] 34#34: gracefully shutting down
2021/10/08 06:16:43 [notice] 32#32: exiting
2021/10/08 06:16:43 [notice] 33#33: exiting
2021/10/08 06:16:43 [notice] 33#33: exit
2021/10/08 06:16:43 [notice] 32#32: exit
2021/10/08 06:16:43 [notice] 31#31: exiting
2021/10/08 06:16:43 [notice] 34#34: exiting
2021/10/08 06:16:43 [notice] 34#34: exit
2021/10/08 06:16:43 [notice] 31#31: exit
2021/10/08 06:16:43 [notice] 1#1: signal 17 (SIGCHLD) received from 34
2021/10/08 06:16:43 [notice] 1#1: worker process 34 exited with code 0
2021/10/08 06:16:43 [notice] 1#1: signal 29 (SIGIO) received
2021/10/08 06:16:43 [notice] 1#1: signal 17 (SIGCHLD) received from 32
2021/10/08 06:16:43 [notice] 1#1: worker process 31 exited with code 0
2021/10/08 06:16:43 [notice] 1#1: worker process 32 exited with code 0
2021/10/08 06:16:43 [notice] 1#1: worker process 33 exited with code 0
2021/10/08 06:16:43 [notice] 1#1: exit
2021/10/08 06:16:44 [notice] 1#1: using the "epoll" event method
2021/10/08 06:16:44 [notice] 1#1: nginx/1.20.1
2021/10/08 06:16:44 [notice] 1#1: built by gcc 10.2.1 20201203 (Alpine 10.2.1_pre1) 
2021/10/08 06:16:44 [notice] 1#1: OS: Linux 5.10.47-linuxkit
2021/10/08 06:16:44 [notice] 1#1: getrlimit(RLIMIT_NOFILE): 1048576:1048576
2021/10/08 06:16:44 [notice] 1#1: start worker processes
2021/10/08 06:16:44 [notice] 1#1: start worker process 34
2021/10/08 06:16:44 [notice] 1#1: start worker process 35
2021/10/08 06:16:44 [notice] 1#1: start worker process 36
2021/10/08 06:16:44 [notice] 1#1: start worker process 37
2021/10/08 06:19:33 [notice] 1#1: signal 3 (SIGQUIT) received, shutting down
2021/10/08 06:19:33 [notice] 35#35: gracefully shutting down
2021/10/08 06:19:33 [notice] 36#36: gracefully shutting down
2021/10/08 06:19:33 [notice] 37#37: gracefully shutting down
2021/10/08 06:19:33 [notice] 34#34: gracefully shutting down
2021/10/08 06:19:33 [notice] 37#37: exiting
2021/10/08 06:19:33 [notice] 36#36: exiting
2021/10/08 06:19:33 [notice] 35#35: exiting
2021/10/08 06:19:33 [notice] 36#36: exit
2021/10/08 06:19:33 [notice] 34#34: exiting
2021/10/08 06:19:33 [notice] 35#35: exit
2021/10/08 06:19:33 [notice] 37#37: exit
2021/10/08 06:19:33 [notice] 34#34: exit
2021/10/08 06:19:33 [notice] 1#1: signal 17 (SIGCHLD) received from 36
2021/10/08 06:19:33 [notice] 1#1: worker process 36 exited with code 0
2021/10/08 06:19:33 [notice] 1#1: worker process 35 exited with code 0
2021/10/08 06:19:33 [notice] 1#1: signal 29 (SIGIO) received
2021/10/08 06:19:33 [notice] 1#1: signal 17 (SIGCHLD) received from 35
2021/10/08 06:19:33 [notice] 1#1: signal 17 (SIGCHLD) received from 37
2021/10/08 06:19:33 [notice] 1#1: worker process 34 exited with code 0
2021/10/08 06:19:33 [notice] 1#1: worker process 37 exited with code 0
2021/10/08 06:19:33 [notice] 1#1: exit
2021/10/08 06:19:34 [notice] 1#1: using the "epoll" event method
2021/10/08 06:19:34 [notice] 1#1: nginx/1.20.1
2021/10/08 06:19:34 [notice] 1#1: built by gcc 10.2.1 20201203 (Alpine 10.2.1_pre1) 
2021/10/08 06:19:34 [notice] 1#1: OS: Linux 5.10.47-linuxkit
2021/10/08 06:19:34 [notice] 1#1: getrlimit(RLIMIT_NOFILE): 1048576:1048576
2021/10/08 06:19:34 [notice] 1#1: start worker processes
2021/10/08 06:19:34 [notice] 1#1: start worker process 31
2021/10/08 06:19:34 [notice] 1#1: start worker process 32
2021/10/08 06:19:34 [notice] 1#1: start worker process 33
2021/10/08 06:19:34 [notice] 1#1: start worker process 34
2021/10/08 06:27:27 [notice] 1#1: signal 3 (SIGQUIT) received, shutting down
2021/10/08 06:27:27 [notice] 31#31: gracefully shutting down
2021/10/08 06:27:27 [notice] 33#33: gracefully shutting down
2021/10/08 06:27:27 [notice] 32#32: gracefully shutting down
2021/10/08 06:27:27 [notice] 34#34: gracefully shutting down
2021/10/08 06:27:27 [notice] 31#31: exiting
2021/10/08 06:27:27 [notice] 32#32: exiting
2021/10/08 06:27:27 [notice] 34#34: exiting
2021/10/08 06:27:27 [notice] 32#32: exit
2021/10/08 06:27:27 [notice] 31#31: exit
2021/10/08 06:27:27 [notice] 34#34: exit
2021/10/08 06:27:27 [notice] 33#33: exiting
2021/10/08 06:27:27 [notice] 33#33: exit
2021/10/08 06:27:27 [notice] 1#1: signal 17 (SIGCHLD) received from 31
2021/10/08 06:27:27 [notice] 1#1: worker process 31 exited with code 0
2021/10/08 06:27:27 [notice] 1#1: worker process 32 exited with code 0
2021/10/08 06:27:27 [notice] 1#1: worker process 33 exited with code 0
2021/10/08 06:27:27 [notice] 1#1: worker process 34 exited with code 0
2021/10/08 06:27:27 [notice] 1#1: exit
2021/10/08 06:27:28 [notice] 1#1: using the "epoll" event method
2021/10/08 06:27:28 [notice] 1#1: nginx/1.20.1
2021/10/08 06:27:28 [notice] 1#1: built by gcc 10.2.1 20201203 (Alpine 10.2.1_pre1) 
2021/10/08 06:27:28 [notice] 1#1: OS: Linux 5.10.47-linuxkit
2021/10/08 06:27:28 [notice] 1#1: getrlimit(RLIMIT_NOFILE): 1048576:1048576
2021/10/08 06:27:28 [notice] 1#1: start worker processes
2021/10/08 06:27:28 [notice] 1#1: start worker process 31
2021/10/08 06:27:28 [notice] 1#1: start worker process 32
2021/10/08 06:27:28 [notice] 1#1: start worker process 33
2021/10/08 06:27:28 [notice] 1#1: start worker process 34
2021/10/08 06:28:25 [notice] 1#1: signal 3 (SIGQUIT) received, shutting down
2021/10/08 06:28:25 [notice] 31#31: gracefully shutting down
2021/10/08 06:28:25 [notice] 33#33: gracefully shutting down
2021/10/08 06:28:25 [notice] 32#32: gracefully shutting down
2021/10/08 06:28:25 [notice] 34#34: gracefully shutting down
2021/10/08 06:28:25 [notice] 31#31: exiting
2021/10/08 06:28:25 [notice] 31#31: exit
2021/10/08 06:28:25 [notice] 33#33: exiting
2021/10/08 06:28:25 [notice] 32#32: exiting
2021/10/08 06:28:25 [notice] 32#32: exit
2021/10/08 06:28:25 [notice] 34#34: exiting
2021/10/08 06:28:25 [notice] 34#34: exit
2021/10/08 06:28:25 [notice] 33#33: exit
2021/10/08 06:28:25 [notice] 1#1: signal 17 (SIGCHLD) received from 31
2021/10/08 06:28:25 [notice] 1#1: worker process 31 exited with code 0
2021/10/08 06:28:25 [notice] 1#1: signal 29 (SIGIO) received
2021/10/08 06:28:25 [notice] 1#1: signal 17 (SIGCHLD) received from 32
2021/10/08 06:28:25 [notice] 1#1: worker process 32 exited with code 0
2021/10/08 06:28:25 [notice] 1#1: worker process 34 exited with code 0
2021/10/08 06:28:25 [notice] 1#1: signal 17 (SIGCHLD) received from 34
2021/10/08 06:28:25 [notice] 1#1: signal 29 (SIGIO) received
2021/10/08 06:28:25 [notice] 1#1: signal 17 (SIGCHLD) received from 33
2021/10/08 06:28:25 [notice] 1#1: worker process 33 exited with code 0
2021/10/08 06:28:25 [notice] 1#1: exit
2021/10/08 06:28:26 [notice] 1#1: using the "epoll" event method
2021/10/08 06:28:26 [notice] 1#1: nginx/1.20.1
2021/10/08 06:28:26 [notice] 1#1: built by gcc 10.2.1 20201203 (Alpine 10.2.1_pre1) 
2021/10/08 06:28:26 [notice] 1#1: OS: Linux 5.10.47-linuxkit
2021/10/08 06:28:26 [notice] 1#1: getrlimit(RLIMIT_NOFILE): 1048576:1048576
2021/10/08 06:28:26 [notice] 1#1: start worker processes
2021/10/08 06:28:26 [notice] 1#1: start worker process 32
2021/10/08 06:28:26 [notice] 1#1: start worker process 33
2021/10/08 06:28:26 [notice] 1#1: start worker process 34
2021/10/08 06:28:26 [notice] 1#1: start worker process 35
2021/10/08 06:44:13 [notice] 1#1: signal 3 (SIGQUIT) received, shutting down
2021/10/08 06:44:13 [notice] 34#34: gracefully shutting down
2021/10/08 06:44:13 [notice] 32#32: gracefully shutting down
2021/10/08 06:44:13 [notice] 35#35: gracefully shutting down
2021/10/08 06:44:13 [notice] 33#33: gracefully shutting down
2021/10/08 06:44:13 [notice] 35#35: exiting
2021/10/08 06:44:13 [notice] 35#35: exit
2021/10/08 06:44:13 [notice] 34#34: exiting
2021/10/08 06:44:13 [notice] 34#34: exit
2021/10/08 06:44:13 [notice] 33#33: exiting
2021/10/08 06:44:13 [notice] 32#32: exiting
2021/10/08 06:44:13 [notice] 33#33: exit
2021/10/08 06:44:13 [notice] 32#32: exit
2021/10/08 06:44:13 [notice] 1#1: signal 17 (SIGCHLD) received from 34
2021/10/08 06:44:13 [notice] 1#1: worker process 34 exited with code 0
2021/10/08 06:44:13 [notice] 1#1: signal 29 (SIGIO) received
2021/10/08 06:44:13 [notice] 1#1: signal 17 (SIGCHLD) received from 35
2021/10/08 06:44:13 [notice] 1#1: worker process 35 exited with code 0
2021/10/08 06:44:13 [notice] 1#1: signal 29 (SIGIO) received
2021/10/08 06:44:13 [notice] 1#1: signal 17 (SIGCHLD) received from 33
2021/10/08 06:44:13 [notice] 1#1: worker process 33 exited with code 0
2021/10/08 06:44:13 [notice] 1#1: signal 17 (SIGCHLD) received from 32
2021/10/08 06:44:13 [notice] 1#1: worker process 32 exited with code 0
2021/10/08 06:44:13 [notice] 1#1: exit
2021/10/08 06:44:14 [notice] 1#1: using the "epoll" event method
2021/10/08 06:44:14 [notice] 1#1: nginx/1.20.1
2021/10/08 06:44:14 [notice] 1#1: built by gcc 10.2.1 20201203 (Alpine 10.2.1_pre1) 
2021/10/08 06:44:14 [notice] 1#1: OS: Linux 5.10.47-linuxkit
2021/10/08 06:44:14 [notice] 1#1: getrlimit(RLIMIT_NOFILE): 1048576:1048576
2021/10/08 06:44:14 [notice] 1#1: start worker processes
2021/10/08 06:44:14 [notice] 1#1: start worker process 33
2021/10/08 06:44:14 [notice] 1#1: start worker process 34
2021/10/08 06:44:14 [notice] 1#1: start worker process 35
2021/10/08 06:44:14 [notice] 1#1: start worker process 36
2021/10/09 04:13:59 [notice] 1#1: using the "epoll" event method
2021/10/09 04:13:59 [notice] 1#1: nginx/1.20.1
2021/10/09 04:13:59 [notice] 1#1: built by gcc 10.2.1 20201203 (Alpine 10.2.1_pre1) 
2021/10/09 04:13:59 [notice] 1#1: OS: Linux 5.10.47-linuxkit
2021/10/09 04:13:59 [notice] 1#1: getrlimit(RLIMIT_NOFILE): 1048576:1048576
2021/10/09 04:13:59 [notice] 1#1: start worker processes
2021/10/09 04:13:59 [notice] 1#1: start worker process 32
2021/10/09 04:13:59 [notice] 1#1: start worker process 33
2021/10/09 04:13:59 [notice] 1#1: start worker process 34
2021/10/09 04:13:59 [notice] 1#1: start worker process 35
2021/10/09 05:16:25 [notice] 33#33: signal 15 (SIGTERM) received, exiting
2021/10/09 09:04:28 [notice] 1#1: using the "epoll" event method
2021/10/09 09:04:28 [notice] 1#1: nginx/1.20.1
2021/10/09 09:04:28 [notice] 1#1: built by gcc 10.2.1 20201203 (Alpine 10.2.1_pre1) 
2021/10/09 09:04:28 [notice] 1#1: OS: Linux 5.10.47-linuxkit
2021/10/09 09:04:28 [notice] 1#1: getrlimit(RLIMIT_NOFILE): 1048576:1048576
2021/10/09 09:04:28 [notice] 1#1: start worker processes
2021/10/09 09:04:28 [notice] 1#1: start worker process 33
2021/10/09 09:04:28 [notice] 1#1: start worker process 34
2021/10/09 09:04:28 [notice] 1#1: start worker process 35
2021/10/09 09:04:28 [notice] 1#1: start worker process 36
2021/10/09 11:23:55 [notice] 1#1: signal 3 (SIGQUIT) received, shutting down
2021/10/09 11:23:55 [notice] 34#34: gracefully shutting down
2021/10/09 11:23:55 [notice] 33#33: gracefully shutting down
2021/10/09 11:23:55 [notice] 35#35: gracefully shutting down
2021/10/09 11:23:55 [notice] 36#36: gracefully shutting down
2021/10/09 11:23:55 [notice] 34#34: exiting
2021/10/09 11:23:55 [notice] 36#36: exiting
2021/10/09 11:23:55 [notice] 33#33: exiting
2021/10/09 11:23:55 [notice] 35#35: exiting
2021/10/09 11:23:55 [notice] 34#34: exit
2021/10/09 11:23:58 [notice] 1#1: using the "epoll" event method
2021/10/09 11:23:58 [notice] 1#1: nginx/1.20.1
2021/10/09 11:23:58 [notice] 1#1: built by gcc 10.2.1 20201203 (Alpine 10.2.1_pre1) 
2021/10/09 11:23:58 [notice] 1#1: OS: Linux 5.10.47-linuxkit
2021/10/09 11:23:58 [notice] 1#1: getrlimit(RLIMIT_NOFILE): 1048576:1048576
2021/10/09 11:23:58 [notice] 1#1: start worker processes
2021/10/09 11:23:58 [notice] 1#1: start worker process 32
2021/10/09 11:23:58 [notice] 1#1: start worker process 33
2021/10/09 11:23:58 [notice] 1#1: start worker process 34
2021/10/09 11:23:58 [notice] 1#1: start worker process 35
2021/10/09 12:41:51 [notice] 1#1: using the "epoll" event method
2021/10/09 12:41:51 [notice] 1#1: nginx/1.20.1
2021/10/09 12:41:51 [notice] 1#1: built by gcc 10.2.1 20201203 (Alpine 10.2.1_pre1) 
2021/10/09 12:41:51 [notice] 1#1: OS: Linux 5.10.47-linuxkit
2021/10/09 12:41:51 [notice] 1#1: getrlimit(RLIMIT_NOFILE): 1048576:1048576
2021/10/09 12:41:51 [notice] 1#1: start worker processes
2021/10/09 12:41:51 [notice] 1#1: start worker process 32
2021/10/09 12:41:51 [notice] 1#1: start worker process 33
2021/10/09 12:41:51 [notice] 1#1: start worker process 34
2021/10/09 12:41:51 [notice] 1#1: start worker process 35
2021/10/11 09:35:25 [notice] 1#1: using the "epoll" event method
2021/10/11 09:35:25 [notice] 1#1: nginx/1.20.1
2021/10/11 09:35:25 [notice] 1#1: built by gcc 10.2.1 20201203 (Alpine 10.2.1_pre1) 
2021/10/11 09:35:25 [notice] 1#1: OS: Linux 5.10.47-linuxkit
2021/10/11 09:35:25 [notice] 1#1: getrlimit(RLIMIT_NOFILE): 1048576:1048576
2021/10/11 09:35:25 [notice] 1#1: start worker processes
2021/10/11 09:35:25 [notice] 1#1: start worker process 33
2021/10/11 09:35:25 [notice] 1#1: start worker process 34
2021/10/11 09:35:25 [notice] 1#1: start worker process 35
2021/10/11 09:35:25 [notice] 1#1: start worker process 36
2021/10/12 14:27:33 [notice] 1#1: using the "epoll" event method
2021/10/12 14:27:33 [notice] 1#1: nginx/1.20.1
2021/10/12 14:27:33 [notice] 1#1: built by gcc 10.2.1 20201203 (Alpine 10.2.1_pre1) 
2021/10/12 14:27:33 [notice] 1#1: OS: Linux 5.10.47-linuxkit
2021/10/12 14:27:33 [notice] 1#1: getrlimit(RLIMIT_NOFILE): 1048576:1048576
2021/10/12 14:27:33 [notice] 1#1: start worker processes
2021/10/12 14:27:33 [notice] 1#1: start worker process 31
2021/10/12 14:27:33 [notice] 1#1: start worker process 32
2021/10/12 14:27:33 [notice] 1#1: start worker process 33
2021/10/12 14:27:33 [notice] 1#1: start worker process 34
2021/10/12 19:44:54 [notice] 1#1: signal 3 (SIGQUIT) received, shutting down
2021/10/12 19:44:54 [notice] 31#31: gracefully shutting down
2021/10/12 19:44:54 [notice] 32#32: gracefully shutting down
2021/10/12 19:44:54 [notice] 33#33: gracefully shutting down
2021/10/12 19:44:54 [notice] 34#34: gracefully shutting down
2021/10/12 19:44:54 [notice] 31#31: exiting
2021/10/12 19:44:54 [notice] 33#33: exiting
2021/10/12 19:44:54 [notice] 32#32: exiting
2021/10/12 19:44:54 [notice] 34#34: exiting
2021/10/12 19:44:54 [notice] 33#33: exit
2021/10/12 19:44:54 [notice] 34#34: exit
2021/10/12 19:44:54 [notice] 31#31: exit
2021/10/12 19:44:54 [notice] 32#32: exit
2021/10/12 19:44:55 [notice] 1#1: signal 17 (SIGCHLD) received from 31
2021/10/12 19:44:55 [notice] 1#1: worker process 31 exited with code 0
2021/10/12 19:44:55 [notice] 1#1: worker process 33 exited with code 0
2021/10/12 19:44:55 [notice] 1#1: worker process 32 exited with code 0
2021/10/12 19:44:55 [notice] 1#1: worker process 34 exited with code 0
2021/10/12 19:44:56 [notice] 1#1: exit
2021/10/12 19:44:57 [notice] 1#1: using the "epoll" event method
2021/10/12 19:44:57 [notice] 1#1: nginx/1.20.1
2021/10/12 19:44:57 [notice] 1#1: built by gcc 10.2.1 20201203 (Alpine 10.2.1_pre1) 
2021/10/12 19:44:57 [notice] 1#1: OS: Linux 5.10.47-linuxkit
2021/10/12 19:44:57 [notice] 1#1: getrlimit(RLIMIT_NOFILE): 1048576:1048576
2021/10/12 19:44:57 [notice] 1#1: start worker processes
2021/10/12 19:44:57 [notice] 1#1: start worker process 31
2021/10/12 19:44:57 [notice] 1#1: start worker process 32
2021/10/12 19:44:57 [notice] 1#1: start worker process 33
2021/10/12 19:44:57 [notice] 1#1: start worker process 34
2021/10/12 19:45:04 [notice] 1#1: signal 3 (SIGQUIT) received, shutting down
2021/10/12 19:45:04 [notice] 31#31: gracefully shutting down
2021/10/12 19:45:04 [notice] 32#32: gracefully shutting down
2021/10/12 19:45:04 [notice] 33#33: gracefully shutting down
2021/10/12 19:45:04 [notice] 34#34: gracefully shutting down
2021/10/12 19:45:04 [notice] 33#33: exiting
2021/10/12 19:45:04 [notice] 31#31: exiting
2021/10/12 19:45:04 [notice] 32#32: exiting
2021/10/12 19:45:04 [notice] 34#34: exiting
2021/10/12 19:45:04 [notice] 33#33: exit
2021/10/12 19:45:04 [notice] 31#31: exit
2021/10/12 19:45:04 [notice] 32#32: exit
2021/10/12 19:45:04 [notice] 34#34: exit
2021/10/12 19:45:04 [notice] 1#1: signal 17 (SIGCHLD) received from 33
2021/10/12 19:45:04 [notice] 1#1: worker process 33 exited with code 0
2021/10/12 19:45:04 [notice] 1#1: worker process 31 exited with code 0
2021/10/12 19:45:04 [notice] 1#1: worker process 34 exited with code 0
2021/10/12 19:45:04 [notice] 1#1: signal 29 (SIGIO) received
2021/10/12 19:45:04 [notice] 1#1: signal 17 (SIGCHLD) received from 31
2021/10/12 19:45:04 [notice] 1#1: worker process 32 exited with code 0
2021/10/12 19:45:04 [notice] 1#1: exit
2021/10/12 19:45:13 [notice] 1#1: using the "epoll" event method
2021/10/12 19:45:13 [notice] 1#1: nginx/1.20.1
2021/10/12 19:45:13 [notice] 1#1: built by gcc 10.2.1 20201203 (Alpine 10.2.1_pre1) 
2021/10/12 19:45:13 [notice] 1#1: OS: Linux 5.10.47-linuxkit
2021/10/12 19:45:13 [notice] 1#1: getrlimit(RLIMIT_NOFILE): 1048576:1048576
2021/10/12 19:45:13 [notice] 1#1: start worker processes
2021/10/12 19:45:13 [notice] 1#1: start worker process 32
2021/10/12 19:45:13 [notice] 1#1: start worker process 33
2021/10/12 19:45:13 [notice] 1#1: start worker process 34
2021/10/12 19:45:13 [notice] 1#1: start worker process 35
2021/10/15 07:49:32 [notice] 1#1: using the "epoll" event method
2021/10/15 07:49:32 [notice] 1#1: nginx/1.20.1
2021/10/15 07:49:32 [notice] 1#1: built by gcc 10.2.1 20201203 (Alpine 10.2.1_pre1) 
2021/10/15 07:49:32 [notice] 1#1: OS: Linux 5.10.47-linuxkit
2021/10/15 07:49:32 [notice] 1#1: getrlimit(RLIMIT_NOFILE): 1048576:1048576
2021/10/15 07:49:32 [notice] 1#1: start worker processes
2021/10/15 07:49:32 [notice] 1#1: start worker process 32
2021/10/15 07:49:32 [notice] 1#1: start worker process 33
2021/10/15 07:49:32 [notice] 1#1: start worker process 34
2021/10/15 07:49:32 [notice] 1#1: start worker process 35
2021/10/15 17:45:37 [notice] 34#34: signal 15 (SIGTERM) received, exiting
2021/10/16 11:40:02 [notice] 1#1: using the "epoll" event method
2021/10/16 11:40:02 [notice] 1#1: nginx/1.20.1
2021/10/16 11:40:02 [notice] 1#1: built by gcc 10.2.1 20201203 (Alpine 10.2.1_pre1) 
2021/10/16 11:40:02 [notice] 1#1: OS: Linux 5.10.47-linuxkit
2021/10/16 11:40:02 [notice] 1#1: getrlimit(RLIMIT_NOFILE): 1048576:1048576
2021/10/16 11:40:02 [notice] 1#1: start worker processes
2021/10/16 11:40:02 [notice] 1#1: start worker process 31
2021/10/16 11:40:02 [notice] 1#1: start worker process 32
2021/10/16 11:40:02 [notice] 1#1: start worker process 33
2021/10/16 11:40:02 [notice] 1#1: start worker process 34
2021/10/16 12:28:50 [notice] 1#1: using the "epoll" event method
2021/10/16 12:28:50 [notice] 1#1: nginx/1.20.1
2021/10/16 12:28:50 [notice] 1#1: built by gcc 10.2.1 20201203 (Alpine 10.2.1_pre1) 
2021/10/16 12:28:50 [notice] 1#1: OS: Linux 5.10.47-linuxkit
2021/10/16 12:28:50 [notice] 1#1: getrlimit(RLIMIT_NOFILE): 1048576:1048576
2021/10/16 12:28:50 [notice] 1#1: start worker processes
2021/10/16 12:28:50 [notice] 1#1: start worker process 32
2021/10/16 12:28:50 [notice] 1#1: start worker process 33
2021/10/16 12:28:50 [notice] 1#1: start worker process 34
2021/10/16 12:28:50 [notice] 1#1: start worker process 35
2021/10/16 17:16:28 [notice] 1#1: using the "epoll" event method
2021/10/16 17:16:28 [notice] 1#1: nginx/1.20.1
2021/10/16 17:16:28 [notice] 1#1: built by gcc 10.2.1 20201203 (Alpine 10.2.1_pre1) 
2021/10/16 17:16:28 [notice] 1#1: OS: Linux 5.10.47-linuxkit
2021/10/16 17:16:28 [notice] 1#1: getrlimit(RLIMIT_NOFILE): 1048576:1048576
2021/10/16 17:16:28 [notice] 1#1: start worker processes
2021/10/16 17:16:28 [notice] 1#1: start worker process 31
2021/10/16 17:16:28 [notice] 1#1: start worker process 32
2021/10/16 17:16:28 [notice] 1#1: start worker process 33
2021/10/16 17:16:28 [notice] 1#1: start worker process 34
2021/10/16 19:11:13 [notice] 1#1: signal 3 (SIGQUIT) received, shutting down
2021/10/16 19:11:13 [notice] 32#32: gracefully shutting down
2021/10/16 19:11:13 [notice] 33#33: gracefully shutting down
2021/10/16 19:11:13 [notice] 34#34: gracefully shutting down
2021/10/16 19:11:13 [notice] 33#33: exiting
2021/10/16 19:11:13 [notice] 31#31: gracefully shutting down
2021/10/16 19:11:13 [notice] 32#32: exiting
2021/10/16 19:11:13 [notice] 34#34: exiting
2021/10/16 19:11:13 [notice] 33#33: exit
2021/10/16 19:11:13 [notice] 31#31: exiting
2021/10/16 19:11:13 [notice] 32#32: exit
2021/10/16 19:11:13 [notice] 34#34: exit
2021/10/16 19:11:13 [notice] 31#31: exit
2021/10/16 19:11:13 [notice] 1#1: signal 17 (SIGCHLD) received from 33
2021/10/16 19:11:13 [notice] 1#1: worker process 32 exited with code 0
2021/10/16 19:11:13 [notice] 1#1: worker process 31 exited with code 0
2021/10/16 19:11:13 [notice] 1#1: worker process 33 exited with code 0
2021/10/16 19:11:13 [notice] 1#1: worker process 34 exited with code 0
2021/10/16 19:11:13 [notice] 1#1: exit
2021/10/17 16:20:51 [notice] 1#1: using the "epoll" event method
2021/10/17 16:20:51 [notice] 1#1: nginx/1.20.1
2021/10/17 16:20:51 [notice] 1#1: built by gcc 10.2.1 20201203 (Alpine 10.2.1_pre1) 
2021/10/17 16:20:51 [notice] 1#1: OS: Linux 5.10.47-linuxkit
2021/10/17 16:20:51 [notice] 1#1: getrlimit(RLIMIT_NOFILE): 1048576:1048576
2021/10/17 16:20:51 [notice] 1#1: start worker processes
2021/10/17 16:20:51 [notice] 1#1: start worker process 31
2021/10/17 16:20:51 [notice] 1#1: start worker process 32
2021/10/17 16:20:51 [notice] 1#1: start worker process 33
2021/10/17 16:20:51 [notice] 1#1: start worker process 34
2021/10/17 16:23:16 [notice] 1#1: using the "epoll" event method
2021/10/17 16:23:16 [notice] 1#1: nginx/1.20.1
2021/10/17 16:23:16 [notice] 1#1: built by gcc 10.2.1 20201203 (Alpine 10.2.1_pre1) 
2021/10/17 16:23:16 [notice] 1#1: OS: Linux 5.10.47-linuxkit
2021/10/17 16:23:16 [notice] 1#1: getrlimit(RLIMIT_NOFILE): 1048576:1048576
2021/10/17 16:23:16 [notice] 1#1: start worker processes
2021/10/17 16:23:16 [notice] 1#1: start worker process 32
2021/10/17 16:23:16 [notice] 1#1: start worker process 33
2021/10/17 16:23:16 [notice] 1#1: start worker process 34
2021/10/17 16:23:16 [notice] 1#1: start worker process 35
2021/10/18 11:09:40 [notice] 1#1: using the "epoll" event method
2021/10/18 11:09:40 [notice] 1#1: nginx/1.20.1
2021/10/18 11:09:40 [notice] 1#1: built by gcc 10.2.1 20201203 (Alpine 10.2.1_pre1) 
2021/10/18 11:09:40 [notice] 1#1: OS: Linux 5.10.47-linuxkit
2021/10/18 11:09:40 [notice] 1#1: getrlimit(RLIMIT_NOFILE): 1048576:1048576
2021/10/18 11:09:40 [notice] 1#1: start worker processes
2021/10/18 11:09:40 [notice] 1#1: start worker process 33
2021/10/18 11:09:40 [notice] 1#1: start worker process 34
2021/10/18 11:09:40 [notice] 1#1: start worker process 35
2021/10/18 11:09:40 [notice] 1#1: start worker process 36
2021/10/19 07:06:46 [notice] 1#1: signal 3 (SIGQUIT) received, shutting down
2021/10/19 07:06:46 [notice] 34#34: gracefully shutting down
2021/10/19 07:06:46 [notice] 33#33: gracefully shutting down
2021/10/19 07:06:46 [notice] 36#36: gracefully shutting down
2021/10/19 07:06:46 [notice] 35#35: gracefully shutting down
2021/10/19 07:06:46 [notice] 36#36: exiting
2021/10/19 07:06:46 [notice] 33#33: exiting
2021/10/19 07:06:46 [notice] 35#35: exiting
2021/10/19 07:06:46 [notice] 36#36: exit
2021/10/19 07:06:46 [notice] 33#33: exit
2021/10/19 07:06:46 [notice] 35#35: exit
2021/10/19 07:06:46 [notice] 1#1: signal 17 (SIGCHLD) received from 36
2021/10/19 07:06:46 [notice] 1#1: worker process 36 exited with code 0
2021/10/19 07:06:46 [notice] 1#1: worker process 35 exited with code 0
2021/10/19 07:06:46 [notice] 1#1: signal 29 (SIGIO) received
2021/10/19 07:06:46 [notice] 1#1: signal 17 (SIGCHLD) received from 35
2021/10/19 07:06:46 [notice] 1#1: signal 17 (SIGCHLD) received from 33
2021/10/19 07:06:46 [notice] 1#1: worker process 33 exited with code 0
2021/10/19 07:06:46 [notice] 1#1: signal 29 (SIGIO) received
2021/10/19 07:06:49 [notice] 34#34: exiting
2021/10/19 07:06:49 [notice] 34#34: exit
2021/10/19 07:06:49 [notice] 1#1: signal 17 (SIGCHLD) received from 34
2021/10/19 07:06:49 [notice] 1#1: worker process 34 exited with code 0
2021/10/19 07:06:49 [notice] 1#1: exit
2021/10/19 07:11:31 [notice] 1#1: using the "epoll" event method
2021/10/19 07:11:31 [notice] 1#1: nginx/1.20.1
2021/10/19 07:11:31 [notice] 1#1: built by gcc 10.2.1 20201203 (Alpine 10.2.1_pre1) 
2021/10/19 07:11:31 [notice] 1#1: OS: Linux 5.10.47-linuxkit
2021/10/19 07:11:31 [notice] 1#1: getrlimit(RLIMIT_NOFILE): 1048576:1048576
2021/10/19 07:11:31 [notice] 1#1: start worker processes
2021/10/19 07:11:31 [notice] 1#1: start worker process 32
2021/10/19 07:11:31 [notice] 1#1: start worker process 33
2021/10/19 07:11:31 [notice] 1#1: start worker process 34
2021/10/19 07:11:31 [notice] 1#1: start worker process 35
2021/10/19 07:14:37 [notice] 1#1: signal 3 (SIGQUIT) received, shutting down
2021/10/19 07:14:37 [notice] 34#34: gracefully shutting down
2021/10/19 07:14:37 [notice] 32#32: gracefully shutting down
2021/10/19 07:14:37 [notice] 35#35: gracefully shutting down
2021/10/19 07:14:37 [notice] 35#35: exiting
2021/10/19 07:14:37 [notice] 33#33: gracefully shutting down
2021/10/19 07:14:37 [notice] 34#34: exiting
2021/10/19 07:14:37 [notice] 32#32: exiting
2021/10/19 07:14:37 [notice] 35#35: exit
2021/10/19 07:14:37 [notice] 33#33: exiting
2021/10/19 07:14:37 [notice] 34#34: exit
2021/10/19 07:14:37 [notice] 32#32: exit
2021/10/19 07:14:37 [notice] 33#33: exit
2021/10/19 07:14:37 [notice] 1#1: signal 17 (SIGCHLD) received from 35
2021/10/19 07:14:37 [notice] 1#1: worker process 32 exited with code 0
2021/10/19 07:14:37 [notice] 1#1: worker process 35 exited with code 0
2021/10/19 07:14:37 [notice] 1#1: signal 29 (SIGIO) received
2021/10/19 07:14:37 [notice] 1#1: signal 17 (SIGCHLD) received from 34
2021/10/19 07:14:37 [notice] 1#1: worker process 33 exited with code 0
2021/10/19 07:14:37 [notice] 1#1: worker process 34 exited with code 0
2021/10/19 07:14:37 [notice] 1#1: exit
2021/10/19 09:50:42 [notice] 1#1: using the "epoll" event method
2021/10/19 09:50:42 [notice] 1#1: nginx/1.20.1
2021/10/19 09:50:42 [notice] 1#1: built by gcc 10.2.1 20201203 (Alpine 10.2.1_pre1) 
2021/10/19 09:50:42 [notice] 1#1: OS: Linux 5.10.47-linuxkit
2021/10/19 09:50:42 [notice] 1#1: getrlimit(RLIMIT_NOFILE): 1048576:1048576
2021/10/19 09:50:42 [notice] 1#1: start worker processes
2021/10/19 09:50:42 [notice] 1#1: start worker process 33
2021/10/19 09:50:42 [notice] 1#1: start worker process 34
2021/10/19 09:50:42 [notice] 1#1: start worker process 35
2021/10/19 09:50:42 [notice] 1#1: start worker process 36
2021/10/19 14:17:34 [notice] 1#1: using the "epoll" event method
2021/10/19 14:17:34 [notice] 1#1: nginx/1.20.1
2021/10/19 14:17:34 [notice] 1#1: built by gcc 10.2.1 20201203 (Alpine 10.2.1_pre1) 
2021/10/19 14:17:34 [notice] 1#1: OS: Linux 5.10.47-linuxkit
2021/10/19 14:17:34 [notice] 1#1: getrlimit(RLIMIT_NOFILE): 1048576:1048576
2021/10/19 14:17:34 [notice] 1#1: start worker processes
2021/10/19 14:17:34 [notice] 1#1: start worker process 35
2021/10/19 14:17:34 [notice] 1#1: start worker process 36
2021/10/19 14:17:34 [notice] 1#1: start worker process 37
2021/10/19 14:17:34 [notice] 1#1: start worker process 38
2021/10/20 11:49:09 [notice] 1#1: signal 3 (SIGQUIT) received, shutting down
2021/10/20 11:49:09 [notice] 35#35: gracefully shutting down
2021/10/20 11:49:09 [notice] 37#37: gracefully shutting down
2021/10/20 11:49:09 [notice] 38#38: gracefully shutting down
2021/10/20 11:49:09 [notice] 36#36: gracefully shutting down
2021/10/20 11:49:09 [notice] 37#37: exiting
2021/10/20 11:49:09 [notice] 35#35: exiting
2021/10/20 11:49:09 [notice] 38#38: exiting
2021/10/20 11:49:09 [notice] 37#37: exit
2021/10/20 11:49:09 [notice] 35#35: exit
2021/10/20 11:49:09 [notice] 36#36: exiting
2021/10/20 11:49:09 [notice] 38#38: exit
2021/10/20 11:49:09 [notice] 36#36: exit
2021/10/20 11:49:09 [notice] 1#1: signal 17 (SIGCHLD) received from 38
2021/10/20 11:49:09 [notice] 1#1: worker process 38 exited with code 0
2021/10/20 11:49:09 [notice] 1#1: signal 29 (SIGIO) received
2021/10/20 11:49:09 [notice] 1#1: signal 17 (SIGCHLD) received from 37
2021/10/20 11:49:09 [notice] 1#1: worker process 35 exited with code 0
2021/10/20 11:49:09 [notice] 1#1: worker process 37 exited with code 0
2021/10/20 11:49:09 [notice] 1#1: signal 29 (SIGIO) received
2021/10/20 11:49:09 [notice] 1#1: signal 17 (SIGCHLD) received from 35
2021/10/20 11:49:09 [notice] 1#1: worker process 36 exited with code 0
2021/10/20 11:49:09 [notice] 1#1: exit
2021/10/20 12:21:23 [notice] 1#1: using the "epoll" event method
2021/10/20 12:21:23 [notice] 1#1: nginx/1.20.1
2021/10/20 12:21:23 [notice] 1#1: built by gcc 10.2.1 20201203 (Alpine 10.2.1_pre1) 
2021/10/20 12:21:23 [notice] 1#1: OS: Linux 5.10.47-linuxkit
2021/10/20 12:21:23 [notice] 1#1: getrlimit(RLIMIT_NOFILE): 1048576:1048576
2021/10/20 12:21:23 [notice] 1#1: start worker processes
2021/10/20 12:21:23 [notice] 1#1: start worker process 31
2021/10/20 12:21:23 [notice] 1#1: start worker process 32
2021/10/20 12:21:23 [notice] 1#1: start worker process 33
2021/10/20 12:21:23 [notice] 1#1: start worker process 34
2021/10/23 20:40:18 [notice] 1#1: using the "epoll" event method
2021/10/23 20:40:18 [notice] 1#1: nginx/1.20.1
2021/10/23 20:40:18 [notice] 1#1: built by gcc 10.2.1 20201203 (Alpine 10.2.1_pre1) 
2021/10/23 20:40:18 [notice] 1#1: OS: Linux 5.10.47-linuxkit
2021/10/23 20:40:18 [notice] 1#1: getrlimit(RLIMIT_NOFILE): 1048576:1048576
2021/10/23 20:40:18 [notice] 1#1: start worker processes
2021/10/23 20:40:18 [notice] 1#1: start worker process 31
2021/10/23 20:40:18 [notice] 1#1: start worker process 32
2021/10/23 20:40:18 [notice] 1#1: start worker process 33
2021/10/23 20:40:18 [notice] 1#1: start worker process 34
2021/10/24 05:06:09 [notice] 1#1: signal 3 (SIGQUIT) received, shutting down
2021/10/24 05:06:09 [notice] 32#32: gracefully shutting down
2021/10/24 05:06:09 [notice] 31#31: gracefully shutting down
2021/10/24 05:06:09 [notice] 33#33: gracefully shutting down
2021/10/24 05:06:09 [notice] 34#34: gracefully shutting down
2021/10/24 05:06:09 [notice] 32#32: exiting
2021/10/24 05:06:09 [notice] 33#33: exiting
2021/10/24 05:06:09 [notice] 34#34: exiting
2021/10/24 05:06:09 [notice] 32#32: exit
2021/10/24 05:06:09 [notice] 33#33: exit
2021/10/24 05:06:09 [notice] 34#34: exit
2021/10/24 05:06:10 [notice] 1#1: signal 17 (SIGCHLD) received from 32
2021/10/24 05:06:10 [notice] 1#1: worker process 32 exited with code 0
2021/10/24 05:06:10 [notice] 1#1: signal 29 (SIGIO) received
2021/10/24 05:06:10 [notice] 1#1: signal 17 (SIGCHLD) received from 33
2021/10/24 05:06:10 [notice] 1#1: worker process 33 exited with code 0
2021/10/24 05:06:10 [notice] 1#1: worker process 34 exited with code 0
2021/10/24 05:06:10 [notice] 1#1: signal 29 (SIGIO) received
2021/10/24 05:07:06 [notice] 1#1: using the "epoll" event method
2021/10/24 05:07:06 [notice] 1#1: nginx/1.20.1
2021/10/24 05:07:06 [notice] 1#1: built by gcc 10.2.1 20201203 (Alpine 10.2.1_pre1) 
2021/10/24 05:07:06 [notice] 1#1: OS: Linux 5.10.47-linuxkit
2021/10/24 05:07:06 [notice] 1#1: getrlimit(RLIMIT_NOFILE): 1048576:1048576
2021/10/24 05:07:06 [notice] 1#1: start worker processes
2021/10/24 05:07:06 [notice] 1#1: start worker process 31
2021/10/24 05:07:06 [notice] 1#1: start worker process 32
2021/10/24 05:07:06 [notice] 1#1: start worker process 33
2021/10/24 05:07:06 [notice] 1#1: start worker process 34
2021/10/25 20:51:28 [warn] 1#1: server name "http://54.199.221.123/" has suspicious symbols in /etc/nginx/conf.d/default.conf:9
2021/10/25 20:51:28 [notice] 1#1: using the "epoll" event method
2021/10/25 20:51:28 [notice] 1#1: nginx/1.20.1
2021/10/25 20:51:28 [notice] 1#1: built by gcc 10.2.1 20201203 (Alpine 10.2.1_pre1) 
2021/10/25 20:51:28 [notice] 1#1: OS: Linux 5.11.0-1020-aws
2021/10/25 20:51:28 [notice] 1#1: getrlimit(RLIMIT_NOFILE): 1048576:1048576
2021/10/25 20:51:28 [notice] 1#1: start worker processes
2021/10/25 20:51:28 [notice] 1#1: start worker process 32
2021/10/25 20:51:28 [notice] 1#1: start worker process 33
2021/10/25 20:51:33 [error] 32#32: *1 connect() to unix:/var/www/src/tmp/sockets/puma.sock failed (111: Connection refused) while connecting to upstream, client: 182.20.105.221, server: http://54.199.221.123/, request: "GET / HTTP/1.1", upstream: "http://unix:/var/www/src/tmp/sockets/puma.sock:/", host: "54.199.221.123"
2021/10/25 20:51:33 [error] 32#32: *1 connect() to unix:/var/www/src/tmp/sockets/puma.sock failed (111: Connection refused) while connecting to upstream, client: 182.20.105.221, server: http://54.199.221.123/, request: "GET / HTTP/1.1", upstream: "http://unix:/var/www/src/tmp/sockets/puma.sock:/500.html", host: "54.199.221.123"
2021/10/25 20:51:33 [error] 32#32: *1 connect() to unix:/var/www/src/tmp/sockets/puma.sock failed (111: Connection refused) while connecting to upstream, client: 182.20.105.221, server: http://54.199.221.123/, request: "GET /favicon.ico HTTP/1.1", upstream: "http://unix:/var/www/src/tmp/sockets/puma.sock:/favicon.ico", host: "54.199.221.123", referrer: "http://54.199.221.123/"
2021/10/25 20:51:33 [error] 32#32: *1 connect() to unix:/var/www/src/tmp/sockets/puma.sock failed (111: Connection refused) while connecting to upstream, client: 182.20.105.221, server: http://54.199.221.123/, request: "GET /favicon.ico HTTP/1.1", upstream: "http://unix:/var/www/src/tmp/sockets/puma.sock:/500.html", host: "54.199.221.123", referrer: "http://54.199.221.123/"
2021/10/25 20:51:35 [error] 32#32: *1 connect() to unix:/var/www/src/tmp/sockets/puma.sock failed (111: Connection refused) while connecting to upstream, client: 182.20.105.221, server: http://54.199.221.123/, request: "GET / HTTP/1.1", upstream: "http://unix:/var/www/src/tmp/sockets/puma.sock:/", host: "54.199.221.123"
2021/10/25 20:51:35 [error] 32#32: *1 connect() to unix:/var/www/src/tmp/sockets/puma.sock failed (111: Connection refused) while connecting to upstream, client: 182.20.105.221, server: http://54.199.221.123/, request: "GET / HTTP/1.1", upstream: "http://unix:/var/www/src/tmp/sockets/puma.sock:/500.html", host: "54.199.221.123"
2021/10/25 20:51:35 [error] 32#32: *1 connect() to unix:/var/www/src/tmp/sockets/puma.sock failed (111: Connection refused) while connecting to upstream, client: 182.20.105.221, server: http://54.199.221.123/, request: "GET /favicon.ico HTTP/1.1", upstream: "http://unix:/var/www/src/tmp/sockets/puma.sock:/favicon.ico", host: "54.199.221.123", referrer: "http://54.199.221.123/"
2021/10/25 20:51:35 [error] 32#32: *1 connect() to unix:/var/www/src/tmp/sockets/puma.sock failed (111: Connection refused) while connecting to upstream, client: 182.20.105.221, server: http://54.199.221.123/, request: "GET /favicon.ico HTTP/1.1", upstream: "http://unix:/var/www/src/tmp/sockets/puma.sock:/500.html", host: "54.199.221.123", referrer: "http://54.199.221.123/"
2021/10/25 20:51:36 [error] 32#32: *1 connect() to unix:/var/www/src/tmp/sockets/puma.sock failed (111: Connection refused) while connecting to upstream, client: 182.20.105.221, server: http://54.199.221.123/, request: "GET / HTTP/1.1", upstream: "http://unix:/var/www/src/tmp/sockets/puma.sock:/", host: "54.199.221.123"
2021/10/25 20:51:36 [error] 32#32: *1 connect() to unix:/var/www/src/tmp/sockets/puma.sock failed (111: Connection refused) while connecting to upstream, client: 182.20.105.221, server: http://54.199.221.123/, request: "GET / HTTP/1.1", upstream: "http://unix:/var/www/src/tmp/sockets/puma.sock:/500.html", host: "54.199.221.123"
2021/10/25 20:51:36 [error] 32#32: *1 connect() to unix:/var/www/src/tmp/sockets/puma.sock failed (111: Connection refused) while connecting to upstream, client: 182.20.105.221, server: http://54.199.221.123/, request: "GET /favicon.ico HTTP/1.1", upstream: "http://unix:/var/www/src/tmp/sockets/puma.sock:/favicon.ico", host: "54.199.221.123", referrer: "http://54.199.221.123/"
2021/10/25 20:51:36 [error] 32#32: *1 connect() to unix:/var/www/src/tmp/sockets/puma.sock failed (111: Connection refused) while connecting to upstream, client: 182.20.105.221, server: http://54.199.221.123/, request: "GET /favicon.ico HTTP/1.1", upstream: "http://unix:/var/www/src/tmp/sockets/puma.sock:/500.html", host: "54.199.221.123", referrer: "http://54.199.221.123/"
2021/10/25 20:52:24 [notice] 1#1: signal 3 (SIGQUIT) received, shutting down
2021/10/25 20:52:24 [notice] 32#32: gracefully shutting down
2021/10/25 20:52:24 [notice] 33#33: gracefully shutting down
2021/10/25 20:52:24 [notice] 33#33: exiting
2021/10/25 20:52:24 [notice] 33#33: exit
2021/10/25 20:52:24 [notice] 1#1: signal 17 (SIGCHLD) received from 33
2021/10/25 20:52:24 [notice] 1#1: worker process 33 exited with code 0
2021/10/25 20:52:24 [notice] 1#1: signal 29 (SIGIO) received
2021/10/25 20:52:33 [notice] 32#32: exiting
2021/10/25 20:52:33 [notice] 32#32: exit
2021/10/25 20:52:33 [notice] 1#1: signal 17 (SIGCHLD) received from 32
2021/10/25 20:52:33 [notice] 1#1: worker process 32 exited with code 0
2021/10/25 20:52:33 [notice] 1#1: exit
2021/10/25 20:52:37 [warn] 1#1: server name "http://54.199.221.123/" has suspicious symbols in /etc/nginx/conf.d/default.conf:9
2021/10/25 20:52:37 [notice] 1#1: using the "epoll" event method
2021/10/25 20:52:37 [notice] 1#1: nginx/1.20.1
2021/10/25 20:52:37 [notice] 1#1: built by gcc 10.2.1 20201203 (Alpine 10.2.1_pre1) 
2021/10/25 20:52:37 [notice] 1#1: OS: Linux 5.11.0-1020-aws
2021/10/25 20:52:37 [notice] 1#1: getrlimit(RLIMIT_NOFILE): 1048576:1048576
2021/10/25 20:52:37 [notice] 1#1: start worker processes
2021/10/25 20:52:37 [notice] 1#1: start worker process 32
2021/10/25 20:52:37 [notice] 1#1: start worker process 33
2021/10/25 20:53:31 [notice] 1#1: signal 3 (SIGQUIT) received, shutting down
2021/10/25 20:53:31 [notice] 32#32: gracefully shutting down
2021/10/25 20:53:31 [notice] 32#32: exiting
2021/10/25 20:53:31 [notice] 32#32: exit
2021/10/25 20:53:31 [notice] 33#33: gracefully shutting down
2021/10/25 20:53:31 [notice] 33#33: exiting
2021/10/25 20:53:31 [notice] 33#33: exit
2021/10/25 20:53:31 [notice] 1#1: signal 17 (SIGCHLD) received from 32
2021/10/25 20:53:31 [notice] 1#1: worker process 32 exited with code 0
2021/10/25 20:53:31 [notice] 1#1: signal 29 (SIGIO) received
2021/10/25 20:53:31 [notice] 1#1: signal 17 (SIGCHLD) received from 33
2021/10/25 20:53:31 [notice] 1#1: worker process 33 exited with code 0
2021/10/25 20:53:31 [notice] 1#1: exit
2021/10/25 20:53:56 [warn] 1#1: server name "http://54.199.221.123/" has suspicious symbols in /etc/nginx/conf.d/default.conf:9
2021/10/25 20:53:56 [notice] 1#1: using the "epoll" event method
2021/10/25 20:53:56 [notice] 1#1: nginx/1.20.1
2021/10/25 20:53:56 [notice] 1#1: built by gcc 10.2.1 20201203 (Alpine 10.2.1_pre1) 
2021/10/25 20:53:56 [notice] 1#1: OS: Linux 5.11.0-1020-aws
2021/10/25 20:53:56 [notice] 1#1: getrlimit(RLIMIT_NOFILE): 1048576:1048576
2021/10/25 20:53:56 [notice] 1#1: start worker processes
2021/10/25 20:53:56 [notice] 1#1: start worker process 31
2021/10/25 20:53:56 [notice] 1#1: start worker process 32
2021/10/25 20:54:18 [notice] 1#1: signal 3 (SIGQUIT) received, shutting down
2021/10/25 20:54:18 [notice] 31#31: gracefully shutting down
2021/10/25 20:54:18 [notice] 32#32: gracefully shutting down
2021/10/25 20:54:18 [notice] 32#32: exiting
2021/10/25 20:54:18 [notice] 32#32: exit
2021/10/25 20:54:18 [notice] 1#1: signal 17 (SIGCHLD) received from 32
2021/10/25 20:54:18 [notice] 1#1: worker process 32 exited with code 0
2021/10/25 20:54:18 [notice] 1#1: signal 29 (SIGIO) received
2021/10/25 20:55:11 [warn] 1#1: server name "http://54.199.221.123/" has suspicious symbols in /etc/nginx/conf.d/default.conf:9
2021/10/25 20:55:11 [notice] 1#1: using the "epoll" event method
2021/10/25 20:55:11 [notice] 1#1: nginx/1.20.1
2021/10/25 20:55:11 [notice] 1#1: built by gcc 10.2.1 20201203 (Alpine 10.2.1_pre1) 
2021/10/25 20:55:11 [notice] 1#1: OS: Linux 5.11.0-1020-aws
2021/10/25 20:55:11 [notice] 1#1: getrlimit(RLIMIT_NOFILE): 1048576:1048576
2021/10/25 20:55:11 [notice] 1#1: start worker processes
2021/10/25 20:55:11 [notice] 1#1: start worker process 31
2021/10/25 20:55:11 [notice] 1#1: start worker process 32
2021/10/25 23:57:44 [error] 31#31: *85 access forbidden by rule, client: 165.232.86.149, server: http://54.199.221.123/, request: "GET /.env HTTP/1.1", host: "54.199.221.123"
2021/10/26 02:46:11 [error] 31#31: *98 access forbidden by rule, client: 161.35.212.57, server: http://54.199.221.123/, request: "GET /.env HTTP/1.1", host: "54.199.221.123"
2021/10/26 05:54:56 [error] 31#31: *117 access forbidden by rule, client: 159.203.18.202, server: http://54.199.221.123/, request: "GET /.env HTTP/1.1", host: "54.199.221.123"
2021/10/26 07:15:16 [error] 31#31: *125 access forbidden by rule, client: 41.140.84.35, server: http://54.199.221.123/, request: "GET /.env HTTP/1.1", host: "54.199.221.123"
2021/10/26 08:54:00 [error] 31#31: *145 access forbidden by rule, client: 165.232.86.149, server: http://54.199.221.123/, request: "GET /.env HTTP/1.1", host: "54.199.221.123"
2021/10/26 11:02:33 [error] 31#31: *166 access forbidden by rule, client: 165.232.86.149, server: http://54.199.221.123/, request: "GET /.env HTTP/1.1", host: "54.199.221.123"
2021/10/26 15:10:05 [error] 31#31: *213 access forbidden by rule, client: 161.35.212.57, server: http://54.199.221.123/, request: "GET /.env HTTP/1.1", host: "54.199.221.123"
2021/10/26 17:01:07 [notice] 1#1: signal 3 (SIGQUIT) received, shutting down
2021/10/26 17:01:07 [notice] 32#32: gracefully shutting down
2021/10/26 17:01:07 [notice] 32#32: exiting
2021/10/26 17:01:07 [notice] 32#32: exit
2021/10/26 17:01:07 [notice] 31#31: gracefully shutting down
2021/10/26 17:01:07 [notice] 31#31: exiting
2021/10/26 17:01:07 [notice] 31#31: exit
2021/10/26 17:01:07 [notice] 1#1: signal 17 (SIGCHLD) received from 31
2021/10/26 17:01:07 [notice] 1#1: worker process 31 exited with code 0
2021/10/26 17:01:07 [notice] 1#1: worker process 32 exited with code 0
2021/10/26 17:01:07 [notice] 1#1: exit
2021/10/26 17:01:16 [warn] 1#1: server name "http://54.199.221.123/" has suspicious symbols in /etc/nginx/conf.d/default.conf:9
2021/10/26 17:01:16 [notice] 1#1: using the "epoll" event method
2021/10/26 17:01:16 [notice] 1#1: nginx/1.20.1
2021/10/26 17:01:16 [notice] 1#1: built by gcc 10.2.1 20201203 (Alpine 10.2.1_pre1) 
2021/10/26 17:01:16 [notice] 1#1: OS: Linux 5.11.0-1020-aws
2021/10/26 17:01:16 [notice] 1#1: getrlimit(RLIMIT_NOFILE): 1048576:1048576
2021/10/26 17:01:16 [notice] 1#1: start worker processes
2021/10/26 17:01:16 [notice] 1#1: start worker process 31
2021/10/26 17:01:16 [notice] 1#1: start worker process 32
2021/10/26 17:02:47 [error] 31#31: *15 access forbidden by rule, client: 161.35.212.57, server: http://54.199.221.123/, request: "GET /.env HTTP/1.1", host: "54.199.221.123"
2021/10/26 17:04:15 [notice] 1#1: signal 3 (SIGQUIT) received, shutting down
2021/10/26 17:04:15 [notice] 32#32: gracefully shutting down
2021/10/26 17:04:15 [notice] 32#32: exiting
2021/10/26 17:04:15 [notice] 32#32: exit
2021/10/26 17:04:15 [notice] 31#31: gracefully shutting down
2021/10/26 17:04:15 [notice] 31#31: exiting
2021/10/26 17:04:15 [notice] 31#31: exit
2021/10/26 17:04:15 [notice] 1#1: signal 17 (SIGCHLD) received from 32
2021/10/26 17:04:15 [notice] 1#1: worker process 31 exited with code 0
2021/10/26 17:04:15 [notice] 1#1: worker process 32 exited with code 0
2021/10/26 17:04:15 [notice] 1#1: exit
2021/10/26 17:04:18 [warn] 1#1: server name "http://54.199.221.123/" has suspicious symbols in /etc/nginx/conf.d/default.conf:9
2021/10/26 17:04:18 [notice] 1#1: using the "epoll" event method
2021/10/26 17:04:18 [notice] 1#1: nginx/1.20.1
2021/10/26 17:04:18 [notice] 1#1: built by gcc 10.2.1 20201203 (Alpine 10.2.1_pre1) 
2021/10/26 17:04:18 [notice] 1#1: OS: Linux 5.11.0-1020-aws
2021/10/26 17:04:18 [notice] 1#1: getrlimit(RLIMIT_NOFILE): 1048576:1048576
2021/10/26 17:04:18 [notice] 1#1: start worker processes
2021/10/26 17:04:18 [notice] 1#1: start worker process 32
2021/10/26 17:04:18 [notice] 1#1: start worker process 33
2021/10/26 19:19:11 [notice] 1#1: signal 3 (SIGQUIT) received, shutting down
2021/10/26 19:19:11 [notice] 33#33: gracefully shutting down
2021/10/26 19:19:11 [notice] 33#33: exiting
2021/10/26 19:19:11 [notice] 33#33: exit
2021/10/26 19:19:11 [notice] 32#32: gracefully shutting down
2021/10/26 19:19:11 [notice] 32#32: exiting
2021/10/26 19:19:11 [notice] 32#32: exit
2021/10/26 19:19:11 [notice] 1#1: signal 17 (SIGCHLD) received from 33
2021/10/26 19:19:11 [notice] 1#1: worker process 32 exited with code 0
2021/10/26 19:19:11 [notice] 1#1: worker process 33 exited with code 0
2021/10/26 19:19:11 [notice] 1#1: exit
2021/10/26 19:19:23 [warn] 1#1: server name "http://54.199.221.123/" has suspicious symbols in /etc/nginx/conf.d/default.conf:9
2021/10/26 19:19:23 [notice] 1#1: using the "epoll" event method
2021/10/26 19:19:23 [notice] 1#1: nginx/1.20.1
2021/10/26 19:19:23 [notice] 1#1: built by gcc 10.2.1 20201203 (Alpine 10.2.1_pre1) 
2021/10/26 19:19:23 [notice] 1#1: OS: Linux 5.11.0-1020-aws
2021/10/26 19:19:23 [notice] 1#1: getrlimit(RLIMIT_NOFILE): 1048576:1048576
2021/10/26 19:19:23 [notice] 1#1: start worker processes
2021/10/26 19:19:23 [notice] 1#1: start worker process 31
2021/10/26 19:19:23 [notice] 1#1: start worker process 32
2021/10/26 19:21:33 [notice] 1#1: signal 3 (SIGQUIT) received, shutting down
2021/10/26 19:21:33 [notice] 32#32: gracefully shutting down
2021/10/26 19:21:33 [notice] 32#32: exiting
2021/10/26 19:21:33 [notice] 32#32: exit
2021/10/26 19:21:33 [notice] 31#31: gracefully shutting down
2021/10/26 19:21:33 [notice] 31#31: exiting
2021/10/26 19:21:33 [notice] 31#31: exit
2021/10/26 19:21:33 [notice] 1#1: signal 17 (SIGCHLD) received from 31
2021/10/26 19:21:33 [notice] 1#1: worker process 31 exited with code 0
2021/10/26 19:21:33 [notice] 1#1: worker process 32 exited with code 0
2021/10/26 19:21:33 [notice] 1#1: exit
2021/10/26 19:21:37 [warn] 1#1: server name "http://54.199.221.123/" has suspicious symbols in /etc/nginx/conf.d/default.conf:9
2021/10/26 19:21:37 [notice] 1#1: using the "epoll" event method
2021/10/26 19:21:37 [notice] 1#1: nginx/1.20.1
2021/10/26 19:21:37 [notice] 1#1: built by gcc 10.2.1 20201203 (Alpine 10.2.1_pre1) 
2021/10/26 19:21:37 [notice] 1#1: OS: Linux 5.11.0-1020-aws
2021/10/26 19:21:37 [notice] 1#1: getrlimit(RLIMIT_NOFILE): 1048576:1048576
2021/10/26 19:21:37 [notice] 1#1: start worker processes
2021/10/26 19:21:37 [notice] 1#1: start worker process 31
2021/10/26 19:21:37 [notice] 1#1: start worker process 32
